build/app/intermediates/manifest_merge_blame_file/release/manifest-merger-blame-release-report.txt
1<?xml version="1.0" encoding="utf-8"?>
2<manifest xmlns:android="http://schemas.android.com/apk/res/android"
3    package="com.tlt.manager"
4    android:versionCode="1"
5    android:versionName="1.0.0" >
6
7    <uses-sdk
8        android:minSdkVersion="21"
8-->src/main/AndroidManifest.xml
9        android:targetSdkVersion="30" />
9-->src/main/AndroidManifest.xml
10
11    <uses-permission android:name="android.permission.INTERNET" />
11-->src/main/AndroidManifest.xml:4:5-67
11-->src/main/AndroidManifest.xml:4:22-64
12    <uses-permission android:name="android.permission.WAKE_LOCK" />
12-->[:firebase_messaging] AndroidManifest.xml:8:5-68
12-->[:firebase_messaging] AndroidManifest.xml:8:22-65
13    <uses-permission android:name="android.permission.ACCESS_NETWORK_STATE" />
13-->[:firebase_messaging] AndroidManifest.xml:9:5-79
13-->[:firebase_messaging] AndroidManifest.xml:9:22-76
14    <uses-permission android:name="android.permission.RECEIVE_BOOT_COMPLETED" />
14-->[:flutter_local_notifications] AndroidManifest.xml:7:5-81
14-->[:flutter_local_notifications] AndroidManifest.xml:7:22-78
15    <uses-permission android:name="android.permission.VIBRATE" />
15-->[:flutter_local_notifications] AndroidManifest.xml:8:5-66
15-->[:flutter_local_notifications] AndroidManifest.xml:8:22-63
16    <uses-permission android:name="android.permission.USE_FULL_SCREEN_INTENT" /> <!-- Required by older versions of Google Play services to create IID tokens -->
16-->[:flutter_local_notifications] AndroidManifest.xml:9:5-81
16-->[:flutter_local_notifications] AndroidManifest.xml:9:22-78
17    <uses-permission android:name="com.google.android.c2dm.permission.RECEIVE" />
17-->[com.google.firebase:firebase-iid:21.0.1] AndroidManifest.xml:26:5-82
17-->[com.google.firebase:firebase-iid:21.0.1] AndroidManifest.xml:26:22-79
18    <uses-permission android:name="com.google.android.finsky.permission.BIND_GET_INSTALL_REFERRER_SERVICE" />
18-->[com.google.android.gms:play-services-measurement:18.0.2] AndroidManifest.xml:26:5-110
18-->[com.google.android.gms:play-services-measurement:18.0.2] AndroidManifest.xml:26:22-107
19
20    <application
20-->src/main/AndroidManifest.xml:6:4-57:18
21        android:allowBackup="true"
21-->src/main/AndroidManifest.xml:9:8-34
22        android:appComponentFactory="androidx.core.app.CoreComponentFactory"
22-->[androidx.core:core:1.6.0] AndroidManifest.xml:24:18-86
23        android:fullBackupContent="true"
23-->src/main/AndroidManifest.xml:10:8-40
24        android:icon="@mipmap/ic_launcher"
24-->src/main/AndroidManifest.xml:8:9-43
25        android:label="TLT Manager" >
25-->src/main/AndroidManifest.xml:7:9-36
26        <activity
26-->src/main/AndroidManifest.xml:11:9-45:20
27            android:name="com.tlt.manager.MainActivity"
27-->src/main/AndroidManifest.xml:12:13-56
28            android:configChanges="orientation|keyboardHidden|keyboard|screenSize|smallestScreenSize|locale|layoutDirection|fontScale|screenLayout|density|uiMode"
28-->src/main/AndroidManifest.xml:15:13-163
29            android:hardwareAccelerated="true"
29-->src/main/AndroidManifest.xml:16:13-47
30            android:launchMode="singleTop"
30-->src/main/AndroidManifest.xml:13:13-43
31            android:theme="@style/LaunchTheme"
31-->src/main/AndroidManifest.xml:14:13-47
32            android:windowSoftInputMode="adjustResize" >
32-->src/main/AndroidManifest.xml:17:13-55
33
34            <!--
35                 Specifies an Android theme to apply to this Activity as soon as
36                 the Android process has started. This theme is visible to the user
37                 while the Flutter UI initializes. After that, this theme continues
38                 to determine the Window background behind the Flutter UI.
39            -->
40            <meta-data
40-->src/main/AndroidManifest.xml:22:13-25:17
41                android:name="io.flutter.embedding.android.NormalTheme"
41-->src/main/AndroidManifest.xml:23:15-70
42                android:resource="@style/NormalTheme" />
42-->src/main/AndroidManifest.xml:24:15-52
43            <!--
44                 Displays an Android View that continues showing the launch screen
45                 Drawable until Flutter paints its first frame, then this splash
46                 screen fades out. A splash screen is useful to avoid any visual
47                 gap between the end of Android's launch screen and the painting of
48                 Flutter's first frame.
49            -->
50            <meta-data
50-->src/main/AndroidManifest.xml:31:13-34:17
51                android:name="io.flutter.embedding.android.SplashScreenDrawable"
51-->src/main/AndroidManifest.xml:32:15-79
52                android:resource="@drawable/launch_background" />
52-->src/main/AndroidManifest.xml:33:15-61
53
54            <intent-filter>
54-->src/main/AndroidManifest.xml:35:13-38:29
55                <action android:name="android.intent.action.MAIN" />
55-->src/main/AndroidManifest.xml:36:17-68
55-->src/main/AndroidManifest.xml:36:25-66
56
57                <category android:name="android.intent.category.LAUNCHER" />
57-->src/main/AndroidManifest.xml:37:17-76
57-->src/main/AndroidManifest.xml:37:27-74
58            </intent-filter>
59            <intent-filter>
59-->src/main/AndroidManifest.xml:40:13-43:29
60                <action android:name="FLUTTER_NOTIFICATION_CLICK" />
60-->src/main/AndroidManifest.xml:41:17-69
60-->src/main/AndroidManifest.xml:41:25-66
61
62                <category android:name="android.intent.category.DEFAULT" />
62-->src/main/AndroidManifest.xml:42:17-76
62-->src/main/AndroidManifest.xml:42:27-73
63            </intent-filter>
64        </activity>
65        <!--
66             Don't delete the meta-data below.
67             This is used by the Flutter tool to generate GeneratedPluginRegistrant.java
68        -->
69        <meta-data
69-->src/main/AndroidManifest.xml:48:9-50:33
70            android:name="flutterEmbedding"
70-->src/main/AndroidManifest.xml:49:13-44
71            android:value="2" />
71-->src/main/AndroidManifest.xml:50:13-30
72        <meta-data
72-->src/main/AndroidManifest.xml:52:8-54:54
73            android:name="com.google.firebase.messaging.default_notification_channel_id"
73-->src/main/AndroidManifest.xml:53:12-88
74            android:value="high_importance_channel" />
74-->src/main/AndroidManifest.xml:54:12-51
75        <meta-data
75-->src/main/AndroidManifest.xml:56:8-98
76            android:name="com.google.android.gms.wallet.api.enabled"
76-->src/main/AndroidManifest.xml:56:19-75
77            android:value="true" />
77-->src/main/AndroidManifest.xml:56:76-96
78
79        <service
79-->[:firebase_messaging] AndroidManifest.xml:12:9-15:72
80            android:name="io.flutter.plugins.firebase.messaging.FlutterFirebaseMessagingBackgroundService"
80-->[:firebase_messaging] AndroidManifest.xml:13:13-107
81            android:exported="false"
81-->[:firebase_messaging] AndroidManifest.xml:14:13-37
82            android:permission="android.permission.BIND_JOB_SERVICE" />
82-->[:firebase_messaging] AndroidManifest.xml:15:13-69
83        <service
83-->[:firebase_messaging] AndroidManifest.xml:16:9-22:19
84            android:name="io.flutter.plugins.firebase.messaging.FlutterFirebaseMessagingService"
84-->[:firebase_messaging] AndroidManifest.xml:17:13-97
85            android:exported="false" >
85-->[:firebase_messaging] AndroidManifest.xml:18:13-37
86            <intent-filter>
86-->[:firebase_messaging] AndroidManifest.xml:19:13-21:29
87                <action android:name="com.google.firebase.MESSAGING_EVENT" />
87-->[:firebase_messaging] AndroidManifest.xml:20:17-78
87-->[:firebase_messaging] AndroidManifest.xml:20:25-75
88            </intent-filter>
89        </service>
90
91        <receiver
91-->[:firebase_messaging] AndroidManifest.xml:24:9-31:20
92            android:name="io.flutter.plugins.firebase.messaging.FlutterFirebaseMessagingReceiver"
92-->[:firebase_messaging] AndroidManifest.xml:25:13-98
93            android:exported="true"
93-->[:firebase_messaging] AndroidManifest.xml:26:13-36
94            android:permission="com.google.android.c2dm.permission.SEND" >
94-->[:firebase_messaging] AndroidManifest.xml:27:13-73
95            <intent-filter>
95-->[:firebase_messaging] AndroidManifest.xml:28:13-30:29
96                <action android:name="com.google.android.c2dm.intent.RECEIVE" />
96-->[:firebase_messaging] AndroidManifest.xml:29:17-81
96-->[:firebase_messaging] AndroidManifest.xml:29:25-78
97            </intent-filter>
98        </receiver>
99
100        <service
100-->[:firebase_messaging] AndroidManifest.xml:33:9-37:19
101            android:name="com.google.firebase.components.ComponentDiscoveryService"
101-->[:firebase_messaging] AndroidManifest.xml:33:18-89
102            android:directBootAware="true"
102-->[com.google.firebase:firebase-common:19.5.0] AndroidManifest.xml:35:13-43
103            android:exported="false" >
103-->[com.google.firebase:firebase-analytics-ktx:18.0.2] AndroidManifest.xml:10:13-37
104            <meta-data
104-->[:firebase_messaging] AndroidManifest.xml:34:13-36:85
105                android:name="com.google.firebase.components:io.flutter.plugins.firebase.messaging.FlutterFirebaseAppRegistrar"
105-->[:firebase_messaging] AndroidManifest.xml:35:17-128
106                android:value="com.google.firebase.components.ComponentRegistrar" />
106-->[:firebase_messaging] AndroidManifest.xml:36:17-82
107            <meta-data
107-->[:firebase_core] AndroidManifest.xml:9:13-11:85
108                android:name="com.google.firebase.components:io.flutter.plugins.firebase.core.FlutterFirebaseCoreRegistrar"
108-->[:firebase_core] AndroidManifest.xml:10:17-124
109                android:value="com.google.firebase.components.ComponentRegistrar" />
109-->[:firebase_core] AndroidManifest.xml:11:17-82
110            <meta-data
110-->[com.google.firebase:firebase-analytics-ktx:18.0.2] AndroidManifest.xml:11:13-13:85
111                android:name="com.google.firebase.components:com.google.firebase.analytics.ktx.FirebaseAnalyticsKtxRegistrar"
111-->[com.google.firebase:firebase-analytics-ktx:18.0.2] AndroidManifest.xml:12:17-126
112                android:value="com.google.firebase.components.ComponentRegistrar" />
112-->[com.google.firebase:firebase-analytics-ktx:18.0.2] AndroidManifest.xml:13:17-82
113            <meta-data
113-->[com.google.firebase:firebase-common-ktx:19.5.0] AndroidManifest.xml:15:13-17:85
114                android:name="com.google.firebase.components:com.google.firebase.ktx.FirebaseCommonKtxRegistrar"
114-->[com.google.firebase:firebase-common-ktx:19.5.0] AndroidManifest.xml:16:17-113
115                android:value="com.google.firebase.components.ComponentRegistrar" />
115-->[com.google.firebase:firebase-common-ktx:19.5.0] AndroidManifest.xml:17:17-82
116            <meta-data
116-->[com.google.firebase:firebase-messaging:21.0.1] AndroidManifest.xml:39:13-41:85
117                android:name="com.google.firebase.components:com.google.firebase.messaging.FirebaseMessagingRegistrar"
117-->[com.google.firebase:firebase-messaging:21.0.1] AndroidManifest.xml:40:17-119
118                android:value="com.google.firebase.components.ComponentRegistrar" />
118-->[com.google.firebase:firebase-messaging:21.0.1] AndroidManifest.xml:41:17-82
119            <meta-data
119-->[com.google.firebase:firebase-datatransport:17.0.10] AndroidManifest.xml:28:13-30:85
120                android:name="com.google.firebase.components:com.google.firebase.datatransport.TransportRegistrar"
120-->[com.google.firebase:firebase-datatransport:17.0.10] AndroidManifest.xml:29:17-115
121                android:value="com.google.firebase.components.ComponentRegistrar" />
121-->[com.google.firebase:firebase-datatransport:17.0.10] AndroidManifest.xml:30:17-82
122            <meta-data
122-->[com.google.firebase:firebase-iid:21.0.1] AndroidManifest.xml:32:13-34:85
123                android:name="com.google.firebase.components:com.google.firebase.iid.Registrar"
123-->[com.google.firebase:firebase-iid:21.0.1] AndroidManifest.xml:33:17-96
124                android:value="com.google.firebase.components.ComponentRegistrar" />
124-->[com.google.firebase:firebase-iid:21.0.1] AndroidManifest.xml:34:17-82
125            <meta-data
125-->[com.google.android.gms:play-services-measurement-api:18.0.2] AndroidManifest.xml:30:13-32:85
126                android:name="com.google.firebase.components:com.google.firebase.analytics.connector.internal.AnalyticsConnectorRegistrar"
126-->[com.google.android.gms:play-services-measurement-api:18.0.2] AndroidManifest.xml:31:17-139
127                android:value="com.google.firebase.components.ComponentRegistrar" />
127-->[com.google.android.gms:play-services-measurement-api:18.0.2] AndroidManifest.xml:32:17-82
128            <meta-data
128-->[com.google.firebase:firebase-installations:16.3.5] AndroidManifest.xml:18:13-20:85
129                android:name="com.google.firebase.components:com.google.firebase.installations.FirebaseInstallationsRegistrar"
129-->[com.google.firebase:firebase-installations:16.3.5] AndroidManifest.xml:19:17-127
130                android:value="com.google.firebase.components.ComponentRegistrar" />
130-->[com.google.firebase:firebase-installations:16.3.5] AndroidManifest.xml:20:17-82
131            <!--
132                This registrar is not defined in the dynamic-module-support sdk itself to allow non-firebase
133                clients to use it as well, by defining this registrar in their own core/common library.
134            -->
135            <meta-data
135-->[com.google.firebase:firebase-common:19.5.0] AndroidManifest.xml:43:13-45:85
136                android:name="com.google.firebase.components:com.google.firebase.dynamicloading.DynamicLoadingRegistrar"
136-->[com.google.firebase:firebase-common:19.5.0] AndroidManifest.xml:44:17-121
137                android:value="com.google.firebase.components.ComponentRegistrar" />
137-->[com.google.firebase:firebase-common:19.5.0] AndroidManifest.xml:45:17-82
138        </service>
139
140        <provider
140-->[:firebase_messaging] AndroidManifest.xml:39:9-43:38
141            android:name="io.flutter.plugins.firebase.messaging.FlutterFirebaseMessagingInitProvider"
141-->[:firebase_messaging] AndroidManifest.xml:40:13-102
142            android:authorities="com.tlt.manager.flutterfirebasemessaginginitprovider"
142-->[:firebase_messaging] AndroidManifest.xml:41:13-88
143            android:exported="false"
143-->[:firebase_messaging] AndroidManifest.xml:42:13-37
144            android:initOrder="99" />
144-->[:firebase_messaging] AndroidManifest.xml:43:13-35
145
146        <receiver android:name="com.dexterous.flutterlocalnotifications.ScheduledNotificationReceiver" />
146-->[:flutter_local_notifications] AndroidManifest.xml:12:9-106
146-->[:flutter_local_notifications] AndroidManifest.xml:12:19-103
147        <receiver android:name="com.dexterous.flutterlocalnotifications.ScheduledNotificationBootReceiver" >
147-->[:flutter_local_notifications] AndroidManifest.xml:13:9-20:20
147-->[:flutter_local_notifications] AndroidManifest.xml:13:19-107
148            <intent-filter>
148-->[:flutter_local_notifications] AndroidManifest.xml:14:13-19:29
149                <action android:name="android.intent.action.BOOT_COMPLETED" />
149-->[:flutter_local_notifications] AndroidManifest.xml:15:17-79
149-->[:flutter_local_notifications] AndroidManifest.xml:15:25-76
150                <action android:name="android.intent.action.MY_PACKAGE_REPLACED" />
150-->[:flutter_local_notifications] AndroidManifest.xml:16:17-84
150-->[:flutter_local_notifications] AndroidManifest.xml:16:25-81
151                <action android:name="android.intent.action.QUICKBOOT_POWERON" />
151-->[:flutter_local_notifications] AndroidManifest.xml:17:17-82
151-->[:flutter_local_notifications] AndroidManifest.xml:17:25-79
152                <action android:name="com.htc.intent.action.QUICKBOOT_POWERON" />
152-->[:flutter_local_notifications] AndroidManifest.xml:18:17-82
152-->[:flutter_local_notifications] AndroidManifest.xml:18:25-79
153            </intent-filter>
154        </receiver>
155
156        <activity
156-->[:url_launcher] AndroidManifest.xml:8:9-11:74
157            android:name="io.flutter.plugins.urllauncher.WebViewActivity"
157-->[:url_launcher] AndroidManifest.xml:9:13-74
158            android:exported="false"
158-->[:url_launcher] AndroidManifest.xml:10:13-37
159            android:theme="@android:style/Theme.NoTitleBar.Fullscreen" />
159-->[:url_launcher] AndroidManifest.xml:11:13-71
160        <!--
161             FirebaseMessagingService performs security checks at runtime,
162             but set to not exported to explicitly avoid allowing another app to call it.
163        -->
164        <service
164-->[com.google.firebase:firebase-messaging:21.0.1] AndroidManifest.xml:28:9-35:19
165            android:name="com.google.firebase.messaging.FirebaseMessagingService"
165-->[com.google.firebase:firebase-messaging:21.0.1] AndroidManifest.xml:29:13-82
166            android:directBootAware="true"
166-->[com.google.firebase:firebase-messaging:21.0.1] AndroidManifest.xml:30:13-43
167            android:exported="false" >
167-->[com.google.firebase:firebase-messaging:21.0.1] AndroidManifest.xml:31:13-37
168            <intent-filter android:priority="-500" >
168-->[:firebase_messaging] AndroidManifest.xml:19:13-21:29
169                <action android:name="com.google.firebase.MESSAGING_EVENT" />
169-->[:firebase_messaging] AndroidManifest.xml:20:17-78
169-->[:firebase_messaging] AndroidManifest.xml:20:25-75
170            </intent-filter>
171        </service>
172
173        <receiver
173-->[com.google.firebase:firebase-iid:21.0.1] AndroidManifest.xml:37:9-44:20
174            android:name="com.google.firebase.iid.FirebaseInstanceIdReceiver"
174-->[com.google.firebase:firebase-iid:21.0.1] AndroidManifest.xml:38:13-78
175            android:exported="true"
175-->[com.google.firebase:firebase-iid:21.0.1] AndroidManifest.xml:39:13-36
176            android:permission="com.google.android.c2dm.permission.SEND" >
176-->[com.google.firebase:firebase-iid:21.0.1] AndroidManifest.xml:40:13-73
177            <intent-filter>
177-->[:firebase_messaging] AndroidManifest.xml:28:13-30:29
178                <action android:name="com.google.android.c2dm.intent.RECEIVE" />
178-->[:firebase_messaging] AndroidManifest.xml:29:17-81
178-->[:firebase_messaging] AndroidManifest.xml:29:25-78
179            </intent-filter>
180        </receiver>
181
182        <provider
182-->[com.google.firebase:firebase-common:19.5.0] AndroidManifest.xml:26:9-31:39
183            android:name="com.google.firebase.provider.FirebaseInitProvider"
183-->[com.google.firebase:firebase-common:19.5.0] AndroidManifest.xml:27:13-77
184            android:authorities="com.tlt.manager.firebaseinitprovider"
184-->[com.google.firebase:firebase-common:19.5.0] AndroidManifest.xml:28:13-72
185            android:directBootAware="true"
185-->[com.google.firebase:firebase-common:19.5.0] AndroidManifest.xml:29:13-43
186            android:exported="false"
186-->[com.google.firebase:firebase-common:19.5.0] AndroidManifest.xml:30:13-37
187            android:initOrder="100" />
187-->[com.google.firebase:firebase-common:19.5.0] AndroidManifest.xml:31:13-36
188
189        <activity
189-->[com.google.android.gms:play-services-base:17.0.0] AndroidManifest.xml:23:9-26:75
190            android:name="com.google.android.gms.common.api.GoogleApiActivity"
190-->[com.google.android.gms:play-services-base:17.0.0] AndroidManifest.xml:24:13-79
191            android:exported="false"
191-->[com.google.android.gms:play-services-base:17.0.0] AndroidManifest.xml:25:13-37
192            android:theme="@android:style/Theme.Translucent.NoTitleBar" />
192-->[com.google.android.gms:play-services-base:17.0.0] AndroidManifest.xml:26:13-72
193
194        <receiver
194-->[com.google.android.gms:play-services-measurement:18.0.2] AndroidManifest.xml:29:9-33:20
195            android:name="com.google.android.gms.measurement.AppMeasurementReceiver"
195-->[com.google.android.gms:play-services-measurement:18.0.2] AndroidManifest.xml:30:13-85
196            android:enabled="true"
196-->[com.google.android.gms:play-services-measurement:18.0.2] AndroidManifest.xml:31:13-35
197            android:exported="false" >
197-->[com.google.android.gms:play-services-measurement:18.0.2] AndroidManifest.xml:32:13-37
198        </receiver>
199
200        <service
200-->[com.google.android.gms:play-services-measurement:18.0.2] AndroidManifest.xml:35:9-38:40
201            android:name="com.google.android.gms.measurement.AppMeasurementService"
201-->[com.google.android.gms:play-services-measurement:18.0.2] AndroidManifest.xml:36:13-84
202            android:enabled="true"
202-->[com.google.android.gms:play-services-measurement:18.0.2] AndroidManifest.xml:37:13-35
203            android:exported="false" />
203-->[com.google.android.gms:play-services-measurement:18.0.2] AndroidManifest.xml:38:13-37
204        <service
204-->[com.google.android.gms:play-services-measurement:18.0.2] AndroidManifest.xml:39:9-43:72
205            android:name="com.google.android.gms.measurement.AppMeasurementJobService"
205-->[com.google.android.gms:play-services-measurement:18.0.2] AndroidManifest.xml:40:13-87
206            android:enabled="true"
206-->[com.google.android.gms:play-services-measurement:18.0.2] AndroidManifest.xml:41:13-35
207            android:exported="false"
207-->[com.google.android.gms:play-services-measurement:18.0.2] AndroidManifest.xml:42:13-37
208            android:permission="android.permission.BIND_JOB_SERVICE" />
208-->[com.google.android.gms:play-services-measurement:18.0.2] AndroidManifest.xml:43:13-69
209
210        <meta-data
210-->[com.google.android.gms:play-services-basement:17.6.0] AndroidManifest.xml:23:9-25:69
211            android:name="com.google.android.gms.version"
211-->[com.google.android.gms:play-services-basement:17.6.0] AndroidManifest.xml:24:13-58
212            android:value="@integer/google_play_services_version" />
212-->[com.google.android.gms:play-services-basement:17.6.0] AndroidManifest.xml:25:13-66
213
214        <service
214-->[com.google.android.datatransport:transport-backend-cct:2.3.3] AndroidManifest.xml:29:9-35:19
215            android:name="com.google.android.datatransport.runtime.backends.TransportBackendDiscovery"
215-->[com.google.android.datatransport:transport-backend-cct:2.3.3] AndroidManifest.xml:30:13-103
216            android:exported="false" >
216-->[com.google.android.datatransport:transport-backend-cct:2.3.3] AndroidManifest.xml:31:13-37
217            <meta-data
217-->[com.google.android.datatransport:transport-backend-cct:2.3.3] AndroidManifest.xml:32:13-34:39
218                android:name="backend:com.google.android.datatransport.cct.CctBackendFactory"
218-->[com.google.android.datatransport:transport-backend-cct:2.3.3] AndroidManifest.xml:33:17-94
219                android:value="cct" />
219-->[com.google.android.datatransport:transport-backend-cct:2.3.3] AndroidManifest.xml:34:17-36
220        </service>
221        <service
221-->[com.google.android.datatransport:transport-runtime:2.2.5] AndroidManifest.xml:26:9-30:19
222            android:name="com.google.android.datatransport.runtime.scheduling.jobscheduling.JobInfoSchedulerService"
222-->[com.google.android.datatransport:transport-runtime:2.2.5] AndroidManifest.xml:27:13-117
223            android:exported="false"
223-->[com.google.android.datatransport:transport-runtime:2.2.5] AndroidManifest.xml:28:13-37
224            android:permission="android.permission.BIND_JOB_SERVICE" >
224-->[com.google.android.datatransport:transport-runtime:2.2.5] AndroidManifest.xml:29:13-69
225        </service>
226
227        <receiver
227-->[com.google.android.datatransport:transport-runtime:2.2.5] AndroidManifest.xml:32:9-34:40
228            android:name="com.google.android.datatransport.runtime.scheduling.jobscheduling.AlarmManagerSchedulerBroadcastReceiver"
228-->[com.google.android.datatransport:transport-runtime:2.2.5] AndroidManifest.xml:33:13-132
229            android:exported="false" />
229-->[com.google.android.datatransport:transport-runtime:2.2.5] AndroidManifest.xml:34:13-37
230    </application>
231
232</manifest>